Using pre-set license
Built from '2021.3/staging' branch; Version is '2021.3.13f1 (9e7d58001ecf) revision 10386776'; Using compiler version '192829333'; Build Type 'Release'
OS: 'Windows 11  (10.0.22621) 64bit Core' Language: 'it' Physical Memory: 16272 MB
BatchMode: 1, IsHumanControllingUs: 0, StartBugReporterOnCrash: 0, Is64bit: 1, IsPro: 1

COMMAND LINE ARGUMENTS:
D:\Unity\2021.3.13f1\Editor\Unity.exe
-adb2
-batchMode
-noUpm
-name
AssetImportWorker0
-projectPath
D:/Unity/Shaders2023
-logFile
Logs/AssetImportWorker0.log
-srvPort
57756
Successfully changed project path to: D:/Unity/Shaders2023
D:/Unity/Shaders2023
[UnityMemory] Configuration Parameters - Can be set up in boot.config
    "memorysetup-bucket-allocator-granularity=16"
    "memorysetup-bucket-allocator-bucket-count=8"
    "memorysetup-bucket-allocator-block-size=33554432"
    "memorysetup-bucket-allocator-block-count=8"
    "memorysetup-main-allocator-block-size=16777216"
    "memorysetup-thread-allocator-block-size=16777216"
    "memorysetup-gfx-main-allocator-block-size=16777216"
    "memorysetup-gfx-thread-allocator-block-size=16777216"
    "memorysetup-cache-allocator-block-size=4194304"
    "memorysetup-typetree-allocator-block-size=2097152"
    "memorysetup-profiler-bucket-allocator-granularity=16"
    "memorysetup-profiler-bucket-allocator-bucket-count=8"
    "memorysetup-profiler-bucket-allocator-block-size=33554432"
    "memorysetup-profiler-bucket-allocator-block-count=8"
    "memorysetup-profiler-allocator-block-size=16777216"
    "memorysetup-profiler-editor-allocator-block-size=1048576"
    "memorysetup-temp-allocator-size-main=16777216"
    "memorysetup-job-temp-allocator-block-size=2097152"
    "memorysetup-job-temp-allocator-block-size-background=1048576"
    "memorysetup-job-temp-allocator-reduction-small-platforms=262144"
    "memorysetup-temp-allocator-size-background-worker=32768"
    "memorysetup-temp-allocator-size-job-worker=262144"
    "memorysetup-temp-allocator-size-preload-manager=33554432"
    "memorysetup-temp-allocator-size-nav-mesh-worker=65536"
    "memorysetup-temp-allocator-size-audio-worker=65536"
    "memorysetup-temp-allocator-size-cloud-worker=32768"
    "memorysetup-temp-allocator-size-gi-baking-worker=262144"
    "memorysetup-temp-allocator-size-gfx=262144"
Refreshing native plugins compatible for Editor in 100.77 ms, found 3 plugins.
Preloading 0 native plugins for Editor in 0.00 ms.
Initialize engine version: 2021.3.13f1 (9e7d58001ecf)
[Subsystems] Discovering subsystems at path D:/Unity/2021.3.13f1/Editor/Data/Resources/UnitySubsystems
[Subsystems] Discovering subsystems at path D:/Unity/Shaders2023/Assets
GfxDevice: creating device client; threaded=0; jobified=0
Direct3D:
    Version:  Direct3D 11.0 [level 11.1]
    Renderer: NVIDIA GeForce GTX 1050 Ti (ID=0x1c8c)
    Vendor:   NVIDIA
    VRAM:     4017 MB
    Driver:   31.0.15.2824
Initialize mono
Mono path[0] = 'D:/Unity/2021.3.13f1/Editor/Data/Managed'
Mono path[1] = 'D:/Unity/2021.3.13f1/Editor/Data/MonoBleedingEdge/lib/mono/unityjit-win32'
Mono config path = 'D:/Unity/2021.3.13f1/Editor/Data/MonoBleedingEdge/etc'
Using monoOptions --debugger-agent=transport=dt_socket,embedding=1,server=y,suspend=n,address=127.0.0.1:56796
Begin MonoManager ReloadAssembly
Registering precompiled unity dll's ...
Register platform support module: D:/Unity/2021.3.13f1/Editor/Data/PlaybackEngines/WebGLSupport/UnityEditor.WebGL.Extensions.dll
Register platform support module: D:/Unity/2021.3.13f1/Editor/Data/PlaybackEngines/AndroidPlayer/UnityEditor.Android.Extensions.dll
Register platform support module: D:/Unity/2021.3.13f1/Editor/Data/PlaybackEngines/WindowsStandaloneSupport/UnityEditor.WindowsStandalone.Extensions.dll
Registered in 0.003042 seconds.
Native extension for WindowsStandalone target not found
Native extension for Android target not found
Native extension for WebGL target not found
Refreshing native plugins compatible for Editor in 99.21 ms, found 3 plugins.
Preloading 0 native plugins for Editor in 0.00 ms.
Mono: successfully reloaded assembly
- Completed reload, in  0.683 seconds
Domain Reload Profiling:
	ReloadAssembly (684ms)
		BeginReloadAssembly (91ms)
			ExecutionOrderSort (0ms)
			DisableScriptedObjects (0ms)
			BackupInstance (0ms)
			ReleaseScriptingObjects (0ms)
			CreateAndSetChildDomain (1ms)
		EndReloadAssembly (491ms)
			LoadAssemblies (92ms)
			RebuildTransferFunctionScriptingTraits (0ms)
			SetupTypeCache (115ms)
			ReleaseScriptCaches (0ms)
			RebuildScriptCaches (30ms)
			SetupLoadedEditorAssemblies (296ms)
				LogAssemblyErrors (0ms)
				InitializePlatformSupportModulesInManaged (54ms)
				SetLoadedEditorAssemblies (0ms)
				RefreshPlugins (99ms)
				BeforeProcessingInitializeOnLoad (1ms)
				ProcessInitializeOnLoadAttributes (97ms)
				ProcessInitializeOnLoadMethodAttributes (44ms)
				AfterProcessingInitializeOnLoad (0ms)
				EditorAssembliesLoaded (0ms)
			ExecutionOrderSort2 (0ms)
			AwakeInstancesAfterBackupRestoration (0ms)
Platform modules already initialized, skipping
Registering precompiled user dll's ...
Registered in 0.007427 seconds.
Begin MonoManager ReloadAssembly
Symbol file LoadedFromMemory doesn't match image D:\Unity\Shaders2023\Library\PackageCache\com.unity.visualscripting@1.7.8\Editor\VisualScripting.Core\Dependencies\YamlDotNet\Unity.VisualScripting.YamlDotNet.dll
Symbol file LoadedFromMemory doesn't match image D:\Unity\Shaders2023\Library\PackageCache\com.unity.visualscripting@1.7.8\Editor\VisualScripting.Core\Dependencies\DotNetZip\Unity.VisualScripting.IonicZip.dll
Native extension for WindowsStandalone target not found
Native extension for Android target not found
Native extension for WebGL target not found
Refreshing native plugins compatible for Editor in 140.41 ms, found 3 plugins.
Preloading 0 native plugins for Editor in 0.00 ms.
Mono: successfully reloaded assembly
- Completed reload, in  1.613 seconds
Domain Reload Profiling:
	ReloadAssembly (1614ms)
		BeginReloadAssembly (250ms)
			ExecutionOrderSort (0ms)
			DisableScriptedObjects (6ms)
			BackupInstance (0ms)
			ReleaseScriptingObjects (0ms)
			CreateAndSetChildDomain (135ms)
		EndReloadAssembly (1253ms)
			LoadAssemblies (126ms)
			RebuildTransferFunctionScriptingTraits (0ms)
			SetupTypeCache (305ms)
			ReleaseScriptCaches (1ms)
			RebuildScriptCaches (82ms)
			SetupLoadedEditorAssemblies (707ms)
				LogAssemblyErrors (0ms)
				InitializePlatformSupportModulesInManaged (16ms)
				SetLoadedEditorAssemblies (0ms)
				RefreshPlugins (140ms)
				BeforeProcessingInitializeOnLoad (114ms)
				ProcessInitializeOnLoadAttributes (323ms)
				ProcessInitializeOnLoadMethodAttributes (109ms)
				AfterProcessingInitializeOnLoad (3ms)
				EditorAssembliesLoaded (0ms)
			ExecutionOrderSort2 (0ms)
			AwakeInstancesAfterBackupRestoration (7ms)
Platform modules already initialized, skipping
========================================================================
Worker process is ready to serve import requests
Launched and connected shader compiler UnityShaderCompiler.exe after 0.05 seconds
Refreshing native plugins compatible for Editor in 1.56 ms, found 3 plugins.
Preloading 0 native plugins for Editor in 0.00 ms.
Unloading 5049 Unused Serialized files (Serialized files now loaded: 0)
Unloading 33 unused Assets / (0.7 MB). Loaded Objects now: 5522.
Memory consumption went from 229.3 MB to 228.6 MB.
Total: 5.260100 ms (FindLiveObjects: 0.438300 ms CreateObjectMapping: 0.471500 ms MarkObjects: 3.990200 ms  DeleteObjects: 0.359000 ms)

AssetImportParameters requested are different than current active one (requested -> active):
  custom:video-decoder-ogg-theora: a1e56fd34408186e4bbccfd4996cb3dc -> 
  custom:container-muxer-webm: aa71ff27fc2769a1b78a27578f13a17b -> 
  custom:container-demuxer-webm: 4f35f7cbe854078d1ac9338744f61a02 -> 
  custom:video-encoder-webm-vp8: eb34c28f22e8b96e1ab97ce403110664 -> 
  custom:audio-encoder-webm-vorbis: bf7c407c2cedff20999df2af8eb42d56 -> 
  custom:framework-win-MediaFoundation: 216162199b28c13a410421893ffa2e32 -> 
  custom:container-demuxer-ogg: 62fdf1f143b41e24485cea50d1cbac27 -> 
  custom:video-decoder-webm-vp8: 9c59270c3fd7afecdb556c50c9e8de78 -> 
  custom:audio-decoder-ogg-vorbis: bf7c407c2cedff20999df2af8eb42d56 -> 
========================================================================
Received Import Request.
  Time since last request: 250370.428424 seconds.
  path: Assets/01-Scenes/Shaders.unity
  artifactKey: Guid(99c9720ab356a0642a771bea13969a05) Importer(815301076,1909f56bfc062723c751e8b465ee728b)
Start importing Assets/01-Scenes/Shaders.unity using Guid(99c9720ab356a0642a771bea13969a05) Importer(815301076,1909f56bfc062723c751e8b465ee728b)  -> (artifact id: 'bac286b2783f95a43c0b9511216d8e15') in 0.014022 seconds 
========================================================================
Received Import Request.
  Time since last request: 72.664635 seconds.
  path: Assets/EserciziDaSoloShaders/Esercizio6/VDisplacement.shadergraph
  artifactKey: Guid(a2ac0c91c938e7243877fb81a2ec299f) Importer(815301076,1909f56bfc062723c751e8b465ee728b)
Start importing Assets/EserciziDaSoloShaders/Esercizio6/VDisplacement.shadergraph using Guid(a2ac0c91c938e7243877fb81a2ec299f) Importer(815301076,1909f56bfc062723c751e8b465ee728b)  -> (artifact id: 'b4377db05c73a5004e1aaec0ef800c2a') in 0.053095 seconds 
========================================================================
Received Import Request.
  Time since last request: 9.344964 seconds.
  path: Assets/EserciziDaSoloShaders/Esercizio9/Grass.shadergraph
  artifactKey: Guid(07341dbde8210db4692f31b5deb15446) Importer(815301076,1909f56bfc062723c751e8b465ee728b)
Start importing Assets/EserciziDaSoloShaders/Esercizio9/Grass.shadergraph using Guid(07341dbde8210db4692f31b5deb15446) Importer(815301076,1909f56bfc062723c751e8b465ee728b)  -> (artifact id: '14e7a31af806f5518914d9a4db32ce3c') in 0.006890 seconds 
========================================================================
Received Import Request.
  Time since last request: 10.634315 seconds.
  path: Assets/EserciziDaSoloShaders/Esercizio7/VDisplacement.shadergraph
  artifactKey: Guid(c766dd3d9dae04c4cae2b504a8540584) Importer(815301076,1909f56bfc062723c751e8b465ee728b)
Start importing Assets/EserciziDaSoloShaders/Esercizio7/VDisplacement.shadergraph using Guid(c766dd3d9dae04c4cae2b504a8540584) Importer(815301076,1909f56bfc062723c751e8b465ee728b)  -> (artifact id: '2a16e6476f6975c4b5a011a39dea2b44') in 0.058637 seconds 
========================================================================
Received Import Request.
  Time since last request: 34.919812 seconds.
  path: Assets/EserciziDaSoloShaders/Esercizio7/VDisplacement.shadergraph
  artifactKey: Guid(18cd3004cff63cc4d9066631e36a41d6) Importer(815301076,1909f56bfc062723c751e8b465ee728b)
Start importing Assets/EserciziDaSoloShaders/Esercizio7/VDisplacement.shadergraph using Guid(18cd3004cff63cc4d9066631e36a41d6) Importer(815301076,1909f56bfc062723c751e8b465ee728b)  -> (artifact id: '98213c40e6b38a35c974f51b67501997') in 0.003131 seconds 
========================================================================
Received Import Request.
  Time since last request: 20.447414 seconds.
  path: Assets/EserciziDaSoloShaders/Esercizio7/VDisplacementInARange.shadergraph
  artifactKey: Guid(18cd3004cff63cc4d9066631e36a41d6) Importer(815301076,1909f56bfc062723c751e8b465ee728b)
Start importing Assets/EserciziDaSoloShaders/Esercizio7/VDisplacementInARange.shadergraph using Guid(18cd3004cff63cc4d9066631e36a41d6) Importer(815301076,1909f56bfc062723c751e8b465ee728b)  -> (artifact id: 'a0b04167365c734130ee8f4c918e4604') in 0.076520 seconds 
========================================================================
Received Import Request.
  Time since last request: 3.599555 seconds.
  path: Assets/EserciziDaSoloShaders/Esercizio8/VDisplacement.shadergraph
  artifactKey: Guid(5599fc98c801e614993137d8ad894bcd) Importer(815301076,1909f56bfc062723c751e8b465ee728b)
Start importing Assets/EserciziDaSoloShaders/Esercizio8/VDisplacement.shadergraph using Guid(5599fc98c801e614993137d8ad894bcd) Importer(815301076,1909f56bfc062723c751e8b465ee728b)  -> (artifact id: '5d9bfb2702bb9bd26cb2327c0009301c') in 0.003328 seconds 
========================================================================
Received Import Request.
  Time since last request: 6.640149 seconds.
  path: Assets/EserciziDaSoloShaders/Esercizio8/VDisplacementInARangeSmooth.shadergraph
  artifactKey: Guid(5599fc98c801e614993137d8ad894bcd) Importer(815301076,1909f56bfc062723c751e8b465ee728b)
Start importing Assets/EserciziDaSoloShaders/Esercizio8/VDisplacementInARangeSmooth.shadergraph using Guid(5599fc98c801e614993137d8ad894bcd) Importer(815301076,1909f56bfc062723c751e8b465ee728b)  -> (artifact id: 'ea2e55f8fbeb7a4c28cc0d9ee4411df7') in 0.017420 seconds 
========================================================================
Received Import Request.
  Time since last request: 111.625833 seconds.
  path: Assets/01-Scenes/ShaderGianni.unity
  artifactKey: Guid(eb95491d944f98742b1a7860f1a229c5) Importer(815301076,1909f56bfc062723c751e8b465ee728b)
Start importing Assets/01-Scenes/ShaderGianni.unity using Guid(eb95491d944f98742b1a7860f1a229c5) Importer(815301076,1909f56bfc062723c751e8b465ee728b)  -> (artifact id: 'd8ad1858a757942ba946fed3b9a24664') in 0.012087 seconds 
========================================================================
Received Import Request.
  Time since last request: 52.450794 seconds.
  path: Assets/EserciziDaSoloShaders/Esercizio5/CutFresnel 1.shadergraph
  artifactKey: Guid(d1beba2ecea6ae9448ada867f5abff64) Importer(815301076,1909f56bfc062723c751e8b465ee728b)
Start importing Assets/EserciziDaSoloShaders/Esercizio5/CutFresnel 1.shadergraph using Guid(d1beba2ecea6ae9448ada867f5abff64) Importer(815301076,1909f56bfc062723c751e8b465ee728b)  -> (artifact id: 'a773b17c6dd73c68ed971edce2b601b2') in 0.006576 seconds 
========================================================================
Received Import Request.
  Time since last request: 88.466546 seconds.
  path: Assets/EserciziDaSoloShaders/Esercizio5/CutFresnel 1.shadergraph
  artifactKey: Guid(d1beba2ecea6ae9448ada867f5abff64) Importer(815301076,1909f56bfc062723c751e8b465ee728b)
Start importing Assets/EserciziDaSoloShaders/Esercizio5/CutFresnel 1.shadergraph using Guid(d1beba2ecea6ae9448ada867f5abff64) Importer(815301076,1909f56bfc062723c751e8b465ee728b)  -> (artifact id: 'a436b5528d80e6aca26f6cefa5109bab') in 0.004463 seconds 
========================================================================
Received Import Request.
  Time since last request: 100.857180 seconds.
  path: Assets/EserciziDaSoloShaders/Esercizio5/CutFresnel 1.shadergraph
  artifactKey: Guid(d1beba2ecea6ae9448ada867f5abff64) Importer(815301076,1909f56bfc062723c751e8b465ee728b)
Start importing Assets/EserciziDaSoloShaders/Esercizio5/CutFresnel 1.shadergraph using Guid(d1beba2ecea6ae9448ada867f5abff64) Importer(815301076,1909f56bfc062723c751e8b465ee728b)  -> (artifact id: 'e504eb1de0fd5af4039ee30f9bbf7ed4') in 0.003280 seconds 
========================================================================
Received Import Request.
  Time since last request: 464.694058 seconds.
  path: Assets/EserciziDaSoloShaders/Esercizio5/CutFresnelSmooth.shadergraph
  artifactKey: Guid(5609721a8b7646643bb01fc842c26958) Importer(815301076,1909f56bfc062723c751e8b465ee728b)
Start importing Assets/EserciziDaSoloShaders/Esercizio5/CutFresnelSmooth.shadergraph using Guid(5609721a8b7646643bb01fc842c26958) Importer(815301076,1909f56bfc062723c751e8b465ee728b)  -> (artifact id: '942419e15898450f6a280ce349f7bd11') in 0.046311 seconds 
========================================================================
Received Import Request.
  Time since last request: 61.654204 seconds.
  path: Assets/ShaderGianni/Shader/CutFresnel.shadergraph
  artifactKey: Guid(c6cd1dac017eb8a4fa9408177f373498) Importer(815301076,1909f56bfc062723c751e8b465ee728b)
Start importing Assets/ShaderGianni/Shader/CutFresnel.shadergraph using Guid(c6cd1dac017eb8a4fa9408177f373498) Importer(815301076,1909f56bfc062723c751e8b465ee728b)  -> (artifact id: '95299ac4f364f649ea141bc68f964cf1') in 0.005363 seconds 
========================================================================
Received Import Request.
  Time since last request: 73.507610 seconds.
  path: Assets/EserciziDaSoloShaders/Esercizio5/CutFresnel.shadergraph
  artifactKey: Guid(265541fa500c46243900bdca894c1dfe) Importer(815301076,1909f56bfc062723c751e8b465ee728b)
Start importing Assets/EserciziDaSoloShaders/Esercizio5/CutFresnel.shadergraph using Guid(265541fa500c46243900bdca894c1dfe) Importer(815301076,1909f56bfc062723c751e8b465ee728b)  -> (artifact id: '3385458747b70fd048d7694e9b4ab033') in 0.002257 seconds 
========================================================================
Received Import Request.
  Time since last request: 47.049665 seconds.
  path: Assets/EserciziDaSoloShaders/Esercizio5/CutFresnel 1.shadergraph
  artifactKey: Guid(d1beba2ecea6ae9448ada867f5abff64) Importer(815301076,1909f56bfc062723c751e8b465ee728b)
Start importing Assets/EserciziDaSoloShaders/Esercizio5/CutFresnel 1.shadergraph using Guid(d1beba2ecea6ae9448ada867f5abff64) Importer(815301076,1909f56bfc062723c751e8b465ee728b)  -> (artifact id: '19ade61a7cf48f9348aff58250532c9f') in 0.003636 seconds 
========================================================================
Received Import Request.
  Time since last request: 172.583034 seconds.
  path: Assets/EserciziDaSoloShaders/Esercizio5/CutFresnelSmooth1.shadergraph
  artifactKey: Guid(99bfacc88625acd48ae7cc1774a63888) Importer(815301076,1909f56bfc062723c751e8b465ee728b)
Start importing Assets/EserciziDaSoloShaders/Esercizio5/CutFresnelSmooth1.shadergraph using Guid(99bfacc88625acd48ae7cc1774a63888) Importer(815301076,1909f56bfc062723c751e8b465ee728b)  -> (artifact id: '88b2345c18a5f40042d1b910b00523fc') in 0.006594 seconds 
========================================================================
Received Import Request.
  Time since last request: 58.065697 seconds.
  path: Assets/EserciziDaSoloShaders/Esercizio5/CutFresnelSmooth1.shadergraph
  artifactKey: Guid(99bfacc88625acd48ae7cc1774a63888) Importer(815301076,1909f56bfc062723c751e8b465ee728b)
Start importing Assets/EserciziDaSoloShaders/Esercizio5/CutFresnelSmooth1.shadergraph using Guid(99bfacc88625acd48ae7cc1774a63888) Importer(815301076,1909f56bfc062723c751e8b465ee728b)  -> (artifact id: 'b7925b3ce242baaed9ab2459ed1d7c15') in 0.004000 seconds 
========================================================================
Received Import Request.
  Time since last request: 63.651593 seconds.
  path: Assets/EserciziDaSoloShaders/Esercizio5/CutFresnelSmooth1.shadergraph
  artifactKey: Guid(99bfacc88625acd48ae7cc1774a63888) Importer(815301076,1909f56bfc062723c751e8b465ee728b)
Start importing Assets/EserciziDaSoloShaders/Esercizio5/CutFresnelSmooth1.shadergraph using Guid(99bfacc88625acd48ae7cc1774a63888) Importer(815301076,1909f56bfc062723c751e8b465ee728b)  -> (artifact id: 'b1c32381d5d5ee32cfca8687723ccec9') in 0.003916 seconds 
========================================================================
Received Import Request.
  Time since last request: 1736.183191 seconds.
  path: Assets/EserciziDaSoloShaders/Esercizio6/VDisp.shadergraph
  artifactKey: Guid(d7c2e1ed5f9320c4891a91d5e5deb1f7) Importer(815301076,1909f56bfc062723c751e8b465ee728b)
Start importing Assets/EserciziDaSoloShaders/Esercizio6/VDisp.shadergraph using Guid(d7c2e1ed5f9320c4891a91d5e5deb1f7) Importer(815301076,1909f56bfc062723c751e8b465ee728b)  -> (artifact id: '30ea9b30b815e4b03c09e2c13b3e4b17') in 0.007374 seconds 
========================================================================
Received Import Request.
  Time since last request: 37.349890 seconds.
  path: Assets/EserciziDaSoloShaders/Esercizio6/VDisp.shadergraph
  artifactKey: Guid(d7c2e1ed5f9320c4891a91d5e5deb1f7) Importer(815301076,1909f56bfc062723c751e8b465ee728b)
Start importing Assets/EserciziDaSoloShaders/Esercizio6/VDisp.shadergraph using Guid(d7c2e1ed5f9320c4891a91d5e5deb1f7) Importer(815301076,1909f56bfc062723c751e8b465ee728b)  -> (artifact id: '3309e0a5c4fa7a169c26579d84917a9d') in 0.003271 seconds 
========================================================================
Received Import Request.
  Time since last request: 73.148209 seconds.
  path: Assets/EserciziDaSoloShaders/Esercizio6/VDisp.shadergraph
  artifactKey: Guid(d7c2e1ed5f9320c4891a91d5e5deb1f7) Importer(815301076,1909f56bfc062723c751e8b465ee728b)
Start importing Assets/EserciziDaSoloShaders/Esercizio6/VDisp.shadergraph using Guid(d7c2e1ed5f9320c4891a91d5e5deb1f7) Importer(815301076,1909f56bfc062723c751e8b465ee728b)  -> (artifact id: 'cb860ecf992b697a1b7a5d391e73bdd4') in 0.004251 seconds 
========================================================================
Received Import Request.
  Time since last request: 645.309697 seconds.
  path: Assets/EserciziDaSoloShaders/Esercizio1-UnlitTexture
  artifactKey: Guid(a72b1696777aae84c89844f8b3b89dc0) Importer(815301076,1909f56bfc062723c751e8b465ee728b)
Start importing Assets/EserciziDaSoloShaders/Esercizio1-UnlitTexture using Guid(a72b1696777aae84c89844f8b3b89dc0) Importer(815301076,1909f56bfc062723c751e8b465ee728b)  -> (artifact id: 'd1724b50ef5cae2a599574fdc9185630') in 0.005470 seconds 
========================================================================
Received Import Request.
  Time since last request: 7.799970 seconds.
  path: Assets/EserciziDaSoloShaders/Esercizio2-Position
  artifactKey: Guid(a7d691305e194ba4383548dffd5560ff) Importer(815301076,1909f56bfc062723c751e8b465ee728b)
Start importing Assets/EserciziDaSoloShaders/Esercizio2-Position using Guid(a7d691305e194ba4383548dffd5560ff) Importer(815301076,1909f56bfc062723c751e8b465ee728b)  -> (artifact id: '7072f708e20fe74f8c72243f62be40b9') in 0.005703 seconds 
========================================================================
Received Import Request.
  Time since last request: 11.474818 seconds.
  path: Assets/EserciziDaSoloShaders/Esercizio3_ColorTilingOffset
  artifactKey: Guid(aeb141bdf2813234b9f9773c4d64560a) Importer(815301076,1909f56bfc062723c751e8b465ee728b)
Start importing Assets/EserciziDaSoloShaders/Esercizio3_ColorTilingOffset using Guid(aeb141bdf2813234b9f9773c4d64560a) Importer(815301076,1909f56bfc062723c751e8b465ee728b)  -> (artifact id: 'fdbf0d38497632d7b35747fa203b3f17') in 0.005773 seconds 
========================================================================
Received Import Request.
  Time since last request: 8.259033 seconds.
  path: Assets/EserciziDaSoloShaders/Esercizio4_Fresnel
  artifactKey: Guid(4519c19c22130874facbe823b8683d3e) Importer(815301076,1909f56bfc062723c751e8b465ee728b)
Start importing Assets/EserciziDaSoloShaders/Esercizio4_Fresnel using Guid(4519c19c22130874facbe823b8683d3e) Importer(815301076,1909f56bfc062723c751e8b465ee728b)  -> (artifact id: 'b068a40e31fe56475753d2a12c548f85') in 0.007276 seconds 
========================================================================
Received Import Request.
  Time since last request: 8.120239 seconds.
  path: Assets/EserciziDaSoloShaders/Esercizio5_CutFresnel
  artifactKey: Guid(f4a992177090d8e43a54ccab2ee35291) Importer(815301076,1909f56bfc062723c751e8b465ee728b)
Start importing Assets/EserciziDaSoloShaders/Esercizio5_CutFresnel using Guid(f4a992177090d8e43a54ccab2ee35291) Importer(815301076,1909f56bfc062723c751e8b465ee728b)  -> (artifact id: 'e8dcd308d818406a60941c6d1cccea96') in 0.005290 seconds 
========================================================================
Received Import Request.
  Time since last request: 7.067405 seconds.
  path: Assets/EserciziDaSoloShaders/Esercizio6_VDispl
  artifactKey: Guid(a844107e3fe2f464a865a5347caa8e0b) Importer(815301076,1909f56bfc062723c751e8b465ee728b)
Start importing Assets/EserciziDaSoloShaders/Esercizio6_VDispl using Guid(a844107e3fe2f464a865a5347caa8e0b) Importer(815301076,1909f56bfc062723c751e8b465ee728b)  -> (artifact id: '795be05c1c55bcbc07f84d27e3f9dcbe') in 0.023028 seconds 
========================================================================
Received Import Request.
  Time since last request: 9.022129 seconds.
  path: Assets/EserciziDaSoloShaders/Esercizio7_VDisplRange
  artifactKey: Guid(2e3fdaf72b38fdb45933512df47ea31b) Importer(815301076,1909f56bfc062723c751e8b465ee728b)
Start importing Assets/EserciziDaSoloShaders/Esercizio7_VDisplRange using Guid(2e3fdaf72b38fdb45933512df47ea31b) Importer(815301076,1909f56bfc062723c751e8b465ee728b)  -> (artifact id: '8f5b3384b40a43e5837e43a40a3fb292') in 0.006076 seconds 
========================================================================
Received Import Request.
  Time since last request: 19.507505 seconds.
  path: Assets/EserciziDaSoloShaders/Esercizio8_VDisplRangeSmooth
  artifactKey: Guid(d4ed93eefd00db64ea7c83100b22e71d) Importer(815301076,1909f56bfc062723c751e8b465ee728b)
Start importing Assets/EserciziDaSoloShaders/Esercizio8_VDisplRangeSmooth using Guid(d4ed93eefd00db64ea7c83100b22e71d) Importer(815301076,1909f56bfc062723c751e8b465ee728b)  -> (artifact id: '2f90fa50a78bcefe1c431f5f4080f8ef') in 0.005817 seconds 
========================================================================
Received Import Request.
  Time since last request: 1323.588990 seconds.
  path: Assets/EserciziDaSoloShaders/Esercizio8_UfoRangeSmooth
  artifactKey: Guid(d4ed93eefd00db64ea7c83100b22e71d) Importer(815301076,1909f56bfc062723c751e8b465ee728b)
Start importing Assets/EserciziDaSoloShaders/Esercizio8_UfoRangeSmooth using Guid(d4ed93eefd00db64ea7c83100b22e71d) Importer(815301076,1909f56bfc062723c751e8b465ee728b)  -> (artifact id: '8488f0dc765391cfd0a724b2417fa981') in 0.007198 seconds 
========================================================================
Received Import Request.
  Time since last request: 5.148942 seconds.
  path: Assets/EserciziDaSoloShaders/Esercizio7_UfoRange
  artifactKey: Guid(2e3fdaf72b38fdb45933512df47ea31b) Importer(815301076,1909f56bfc062723c751e8b465ee728b)
Start importing Assets/EserciziDaSoloShaders/Esercizio7_UfoRange using Guid(2e3fdaf72b38fdb45933512df47ea31b) Importer(815301076,1909f56bfc062723c751e8b465ee728b)  -> (artifact id: '7fc3f8d6a2802d50e60ae4f209d4b968') in 0.006441 seconds 
========================================================================
Received Import Request.
  Time since last request: 1322.454407 seconds.
  path: Assets/EserciziDaSoloShaders/Esercizio7_UfoRange/UfoInARange.shadergraph
  artifactKey: Guid(18cd3004cff63cc4d9066631e36a41d6) Importer(815301076,1909f56bfc062723c751e8b465ee728b)
Start importing Assets/EserciziDaSoloShaders/Esercizio7_UfoRange/UfoInARange.shadergraph using Guid(18cd3004cff63cc4d9066631e36a41d6) Importer(815301076,1909f56bfc062723c751e8b465ee728b)  -> (artifact id: 'f36084ff5f147293d3d45b776b2f1773') in 0.009759 seconds 
========================================================================
Received Import Request.
  Time since last request: 74.803227 seconds.
  path: Assets/EserciziDaSoloShaders/Esercizio7_UfoRange/UfoInARange.shadergraph
  artifactKey: Guid(18cd3004cff63cc4d9066631e36a41d6) Importer(815301076,1909f56bfc062723c751e8b465ee728b)
Start importing Assets/EserciziDaSoloShaders/Esercizio7_UfoRange/UfoInARange.shadergraph using Guid(18cd3004cff63cc4d9066631e36a41d6) Importer(815301076,1909f56bfc062723c751e8b465ee728b)  -> (artifact id: '1f2afda25b05347621952b5da18e43c8') in 0.003534 seconds 
========================================================================
Received Import Request.
  Time since last request: 23.817037 seconds.
  path: Assets/EserciziDaSoloShaders/Esercizio7_UfoRange/UfoInARange.shadergraph
  artifactKey: Guid(18cd3004cff63cc4d9066631e36a41d6) Importer(815301076,1909f56bfc062723c751e8b465ee728b)
Start importing Assets/EserciziDaSoloShaders/Esercizio7_UfoRange/UfoInARange.shadergraph using Guid(18cd3004cff63cc4d9066631e36a41d6) Importer(815301076,1909f56bfc062723c751e8b465ee728b)  -> (artifact id: '29b56c88752b93c3d3bb6b59820b1e3d') in 0.003308 seconds 
========================================================================
Received Import Request.
  Time since last request: 27.306140 seconds.
  path: Assets/Esercizi
  artifactKey: Guid(645ddbd319ed1f94b84db28bb960a8d3) Importer(815301076,1909f56bfc062723c751e8b465ee728b)
Start importing Assets/Esercizi using Guid(645ddbd319ed1f94b84db28bb960a8d3) Importer(815301076,1909f56bfc062723c751e8b465ee728b)  -> (artifact id: '6601a81cf6d27707102f260c401bd122') in 0.017363 seconds 
========================================================================
Received Import Request.
  Time since last request: 11.719755 seconds.
  path: Assets/ShadeLessons/EserciziPostProcess
  artifactKey: Guid(1fdc0739c0e95b24c8459388a24c2066) Importer(815301076,1909f56bfc062723c751e8b465ee728b)
Start importing Assets/ShadeLessons/EserciziPostProcess using Guid(1fdc0739c0e95b24c8459388a24c2066) Importer(815301076,1909f56bfc062723c751e8b465ee728b)  -> (artifact id: '9b529b7c5aaadc264c2b2b24ffcdff0a') in 0.005373 seconds 
========================================================================
Received Import Request.
  Time since last request: 2.020394 seconds.
  path: Assets/ShadeLessons/EserciziShaders
  artifactKey: Guid(429fb51fcbc4a4d4ca696d0c1254e421) Importer(815301076,1909f56bfc062723c751e8b465ee728b)
Start importing Assets/ShadeLessons/EserciziShaders using Guid(429fb51fcbc4a4d4ca696d0c1254e421) Importer(815301076,1909f56bfc062723c751e8b465ee728b)  -> (artifact id: 'e20df33c0b2b246a75c70a11d718fcd6') in 0.005732 seconds 
========================================================================
Received Import Request.
  Time since last request: 62.280762 seconds.
  path: Assets/Esercizi/ShadeLessons/EserciziShaders/CutFresnel.shadergraph
  artifactKey: Guid(ac4c4cdde544271449a9d40764509b13) Importer(815301076,1909f56bfc062723c751e8b465ee728b)
Start importing Assets/Esercizi/ShadeLessons/EserciziShaders/CutFresnel.shadergraph using Guid(ac4c4cdde544271449a9d40764509b13) Importer(815301076,1909f56bfc062723c751e8b465ee728b)  -> (artifact id: '310427084abcd6554f7e55c34d16fa57') in 0.005955 seconds 
========================================================================
Received Import Request.
  Time since last request: 15.162654 seconds.
  path: Assets/Esercizi/ShadeLessons/EserciziShaders/CutFresnel.shadergraph
  artifactKey: Guid(ac4c4cdde544271449a9d40764509b13) Importer(815301076,1909f56bfc062723c751e8b465ee728b)
Start importing Assets/Esercizi/ShadeLessons/EserciziShaders/CutFresnel.shadergraph using Guid(ac4c4cdde544271449a9d40764509b13) Importer(815301076,1909f56bfc062723c751e8b465ee728b)  -> (artifact id: 'acbb585c82d9ff595174992922e34741') in 0.002187 seconds 
========================================================================
Received Import Request.
  Time since last request: 137.916120 seconds.
  path: Assets/Esercizi/ShaderGianni/Shader/c.shadergraph
  artifactKey: Guid(a3b2d9a010023724e9a03f167fd767e5) Importer(815301076,1909f56bfc062723c751e8b465ee728b)
Start importing Assets/Esercizi/ShaderGianni/Shader/c.shadergraph using Guid(a3b2d9a010023724e9a03f167fd767e5) Importer(815301076,1909f56bfc062723c751e8b465ee728b)  -> (artifact id: 'e104c5c9f8ffe8b163d1a9c63f3535fa') in 0.005777 seconds 
========================================================================
Received Import Request.
  Time since last request: 11.988446 seconds.
  path: Assets/Esercizi/ShaderGianni/Shader/VDisplacementInARangeSmooth.shadergraph
  artifactKey: Guid(a3b2d9a010023724e9a03f167fd767e5) Importer(815301076,1909f56bfc062723c751e8b465ee728b)
Start importing Assets/Esercizi/ShaderGianni/Shader/VDisplacementInARangeSmooth.shadergraph using Guid(a3b2d9a010023724e9a03f167fd767e5) Importer(815301076,1909f56bfc062723c751e8b465ee728b)  -> (artifact id: '158153bb3615c3d702df56bce7ebdf88') in 0.009034 seconds 
========================================================================
Received Import Request.
  Time since last request: 1207.365121 seconds.
  path: Assets/Esercizi/EserciziDaSoloShaders/Esercizio7_UfoRange/UfoInARange.shadergraph
  artifactKey: Guid(18cd3004cff63cc4d9066631e36a41d6) Importer(815301076,1909f56bfc062723c751e8b465ee728b)
Start importing Assets/Esercizi/EserciziDaSoloShaders/Esercizio7_UfoRange/UfoInARange.shadergraph using Guid(18cd3004cff63cc4d9066631e36a41d6) Importer(815301076,1909f56bfc062723c751e8b465ee728b)  -> (artifact id: '2457cc35d7c1f2892077b1b1a4e87426') in 0.009618 seconds 
========================================================================
Received Import Request.
  Time since last request: 424.392238 seconds.
  path: Assets/Esercizi/ShaderLessons/EserciziShaders/VDisplacementInARange.shadergraph
  artifactKey: Guid(a8d7786bd5c04244f8847a6807d8e5c3) Importer(815301076,1909f56bfc062723c751e8b465ee728b)
Start importing Assets/Esercizi/ShaderLessons/EserciziShaders/VDisplacementInARange.shadergraph using Guid(a8d7786bd5c04244f8847a6807d8e5c3) Importer(815301076,1909f56bfc062723c751e8b465ee728b)  -> (artifact id: 'e59d9813181ef1f3939dbe7cf92f3b65') in 0.006375 seconds 
