Using pre-set license
Built from '2021.3/staging' branch; Version is '2021.3.13f1 (9e7d58001ecf) revision 10386776'; Using compiler version '192829333'; Build Type 'Release'
OS: 'Windows 11  (10.0.22621) 64bit Core' Language: 'it' Physical Memory: 16272 MB
BatchMode: 1, IsHumanControllingUs: 0, StartBugReporterOnCrash: 0, Is64bit: 1, IsPro: 1

COMMAND LINE ARGUMENTS:
D:\Unity\2021.3.13f1\Editor\Unity.exe
-adb2
-batchMode
-noUpm
-name
AssetImportWorker1
-projectPath
D:/Unity/Shaders2023
-logFile
Logs/AssetImportWorker1.log
-srvPort
52138
Successfully changed project path to: D:/Unity/Shaders2023
D:/Unity/Shaders2023
[UnityMemory] Configuration Parameters - Can be set up in boot.config
    "memorysetup-bucket-allocator-granularity=16"
    "memorysetup-bucket-allocator-bucket-count=8"
    "memorysetup-bucket-allocator-block-size=33554432"
    "memorysetup-bucket-allocator-block-count=8"
    "memorysetup-main-allocator-block-size=16777216"
    "memorysetup-thread-allocator-block-size=16777216"
    "memorysetup-gfx-main-allocator-block-size=16777216"
    "memorysetup-gfx-thread-allocator-block-size=16777216"
    "memorysetup-cache-allocator-block-size=4194304"
    "memorysetup-typetree-allocator-block-size=2097152"
    "memorysetup-profiler-bucket-allocator-granularity=16"
    "memorysetup-profiler-bucket-allocator-bucket-count=8"
    "memorysetup-profiler-bucket-allocator-block-size=33554432"
    "memorysetup-profiler-bucket-allocator-block-count=8"
    "memorysetup-profiler-allocator-block-size=16777216"
    "memorysetup-profiler-editor-allocator-block-size=1048576"
    "memorysetup-temp-allocator-size-main=16777216"
    "memorysetup-job-temp-allocator-block-size=2097152"
    "memorysetup-job-temp-allocator-block-size-background=1048576"
    "memorysetup-job-temp-allocator-reduction-small-platforms=262144"
    "memorysetup-temp-allocator-size-background-worker=32768"
    "memorysetup-temp-allocator-size-job-worker=262144"
    "memorysetup-temp-allocator-size-preload-manager=33554432"
    "memorysetup-temp-allocator-size-nav-mesh-worker=65536"
    "memorysetup-temp-allocator-size-audio-worker=65536"
    "memorysetup-temp-allocator-size-cloud-worker=32768"
    "memorysetup-temp-allocator-size-gi-baking-worker=262144"
    "memorysetup-temp-allocator-size-gfx=262144"
Refreshing native plugins compatible for Editor in 105.71 ms, found 3 plugins.
Preloading 0 native plugins for Editor in 0.00 ms.
Initialize engine version: 2021.3.13f1 (9e7d58001ecf)
[Subsystems] Discovering subsystems at path D:/Unity/2021.3.13f1/Editor/Data/Resources/UnitySubsystems
[Subsystems] Discovering subsystems at path D:/Unity/Shaders2023/Assets
GfxDevice: creating device client; threaded=0; jobified=0
Direct3D:
    Version:  Direct3D 11.0 [level 11.1]
    Renderer: NVIDIA GeForce GTX 1050 Ti (ID=0x1c8c)
    Vendor:   NVIDIA
    VRAM:     4017 MB
    Driver:   31.0.15.2824
Initialize mono
Mono path[0] = 'D:/Unity/2021.3.13f1/Editor/Data/Managed'
Mono path[1] = 'D:/Unity/2021.3.13f1/Editor/Data/MonoBleedingEdge/lib/mono/unityjit-win32'
Mono config path = 'D:/Unity/2021.3.13f1/Editor/Data/MonoBleedingEdge/etc'
Using monoOptions --debugger-agent=transport=dt_socket,embedding=1,server=y,suspend=n,address=127.0.0.1:56192
Begin MonoManager ReloadAssembly
Registering precompiled unity dll's ...
Register platform support module: D:/Unity/2021.3.13f1/Editor/Data/PlaybackEngines/WebGLSupport/UnityEditor.WebGL.Extensions.dll
Register platform support module: D:/Unity/2021.3.13f1/Editor/Data/PlaybackEngines/AndroidPlayer/UnityEditor.Android.Extensions.dll
Register platform support module: D:/Unity/2021.3.13f1/Editor/Data/PlaybackEngines/WindowsStandaloneSupport/UnityEditor.WindowsStandalone.Extensions.dll
Registered in 0.002666 seconds.
Native extension for WindowsStandalone target not found
Native extension for Android target not found
Native extension for WebGL target not found
Refreshing native plugins compatible for Editor in 98.34 ms, found 3 plugins.
Preloading 0 native plugins for Editor in 0.00 ms.
Mono: successfully reloaded assembly
- Completed reload, in  0.706 seconds
Domain Reload Profiling:
	ReloadAssembly (706ms)
		BeginReloadAssembly (89ms)
			ExecutionOrderSort (0ms)
			DisableScriptedObjects (0ms)
			BackupInstance (0ms)
			ReleaseScriptingObjects (0ms)
			CreateAndSetChildDomain (1ms)
		EndReloadAssembly (508ms)
			LoadAssemblies (90ms)
			RebuildTransferFunctionScriptingTraits (0ms)
			SetupTypeCache (122ms)
			ReleaseScriptCaches (0ms)
			RebuildScriptCaches (27ms)
			SetupLoadedEditorAssemblies (310ms)
				LogAssemblyErrors (0ms)
				InitializePlatformSupportModulesInManaged (57ms)
				SetLoadedEditorAssemblies (0ms)
				RefreshPlugins (98ms)
				BeforeProcessingInitializeOnLoad (1ms)
				ProcessInitializeOnLoadAttributes (101ms)
				ProcessInitializeOnLoadMethodAttributes (52ms)
				AfterProcessingInitializeOnLoad (0ms)
				EditorAssembliesLoaded (0ms)
			ExecutionOrderSort2 (0ms)
			AwakeInstancesAfterBackupRestoration (0ms)
Platform modules already initialized, skipping
Registering precompiled user dll's ...
Registered in 0.008855 seconds.
Begin MonoManager ReloadAssembly
Symbol file LoadedFromMemory doesn't match image D:\Unity\Shaders2023\Library\PackageCache\com.unity.visualscripting@1.7.8\Editor\VisualScripting.Core\Dependencies\YamlDotNet\Unity.VisualScripting.YamlDotNet.dll
Symbol file LoadedFromMemory doesn't match image D:\Unity\Shaders2023\Library\PackageCache\com.unity.visualscripting@1.7.8\Editor\VisualScripting.Core\Dependencies\DotNetZip\Unity.VisualScripting.IonicZip.dll
Native extension for WindowsStandalone target not found
Native extension for Android target not found
Native extension for WebGL target not found
Refreshing native plugins compatible for Editor in 111.94 ms, found 3 plugins.
Preloading 0 native plugins for Editor in 0.00 ms.
Mono: successfully reloaded assembly
- Completed reload, in  1.483 seconds
Domain Reload Profiling:
	ReloadAssembly (1484ms)
		BeginReloadAssembly (241ms)
			ExecutionOrderSort (0ms)
			DisableScriptedObjects (8ms)
			BackupInstance (0ms)
			ReleaseScriptingObjects (0ms)
			CreateAndSetChildDomain (126ms)
		EndReloadAssembly (1115ms)
			LoadAssemblies (122ms)
			RebuildTransferFunctionScriptingTraits (0ms)
			SetupTypeCache (296ms)
			ReleaseScriptCaches (1ms)
			RebuildScriptCaches (72ms)
			SetupLoadedEditorAssemblies (608ms)
				LogAssemblyErrors (0ms)
				InitializePlatformSupportModulesInManaged (12ms)
				SetLoadedEditorAssemblies (0ms)
				RefreshPlugins (112ms)
				BeforeProcessingInitializeOnLoad (110ms)
				ProcessInitializeOnLoadAttributes (278ms)
				ProcessInitializeOnLoadMethodAttributes (93ms)
				AfterProcessingInitializeOnLoad (3ms)
				EditorAssembliesLoaded (0ms)
			ExecutionOrderSort2 (0ms)
			AwakeInstancesAfterBackupRestoration (6ms)
Platform modules already initialized, skipping
========================================================================
Worker process is ready to serve import requests
Launched and connected shader compiler UnityShaderCompiler.exe after 0.04 seconds
Refreshing native plugins compatible for Editor in 1.51 ms, found 3 plugins.
Preloading 0 native plugins for Editor in 0.00 ms.
Unloading 5035 Unused Serialized files (Serialized files now loaded: 0)
Unloading 34 unused Assets / (0.7 MB). Loaded Objects now: 5490.
Memory consumption went from 209.1 MB to 208.4 MB.
Total: 6.666900 ms (FindLiveObjects: 0.578500 ms CreateObjectMapping: 0.482800 ms MarkObjects: 5.168400 ms  DeleteObjects: 0.435800 ms)

AssetImportParameters requested are different than current active one (requested -> active):
  custom:video-decoder-ogg-theora: a1e56fd34408186e4bbccfd4996cb3dc -> 
  custom:container-muxer-webm: aa71ff27fc2769a1b78a27578f13a17b -> 
  custom:container-demuxer-webm: 4f35f7cbe854078d1ac9338744f61a02 -> 
  custom:video-encoder-webm-vp8: eb34c28f22e8b96e1ab97ce403110664 -> 
  custom:audio-encoder-webm-vorbis: bf7c407c2cedff20999df2af8eb42d56 -> 
  custom:framework-win-MediaFoundation: 216162199b28c13a410421893ffa2e32 -> 
  custom:container-demuxer-ogg: 62fdf1f143b41e24485cea50d1cbac27 -> 
  custom:video-decoder-webm-vp8: 9c59270c3fd7afecdb556c50c9e8de78 -> 
  custom:audio-decoder-ogg-vorbis: bf7c407c2cedff20999df2af8eb42d56 -> 
========================================================================
Received Import Request.
  Time since last request: 964868.217198 seconds.
  path: Assets/ShaderGianni/PostProcess/MainLight.mat
  artifactKey: Guid(53f89bb28b1950545a53d6c9cc82b4a1) Importer(815301076,1909f56bfc062723c751e8b465ee728b)
Start importing Assets/ShaderGianni/PostProcess/MainLight.mat using Guid(53f89bb28b1950545a53d6c9cc82b4a1) Importer(815301076,1909f56bfc062723c751e8b465ee728b)  -> (artifact id: '9f93beca15201372a71dca4404485210') in 1.096694 seconds 
========================================================================
Received Import Request.
  Time since last request: 0.000028 seconds.
  path: Assets/ParticleSystem/StoneBrick.mat
  artifactKey: Guid(1458ce29536cfa1459161b097a8d212a) Importer(815301076,1909f56bfc062723c751e8b465ee728b)
Start importing Assets/ParticleSystem/StoneBrick.mat using Guid(1458ce29536cfa1459161b097a8d212a) Importer(815301076,1909f56bfc062723c751e8b465ee728b)  -> (artifact id: 'ce486c2e34e20f612bdaed6fd18bff6f') in 0.089216 seconds 
========================================================================
Received Import Request.
  Time since last request: 0.000112 seconds.
  path: Assets/ParticleSystem/Stone.mat
  artifactKey: Guid(e6c5a014c75b4054d8578b4295413f14) Importer(815301076,1909f56bfc062723c751e8b465ee728b)
Start importing Assets/ParticleSystem/Stone.mat using Guid(e6c5a014c75b4054d8578b4295413f14) Importer(815301076,1909f56bfc062723c751e8b465ee728b)  -> (artifact id: '314dd8c4a217c4cc65f75ddc554b0192') in 0.072199 seconds 
========================================================================
Received Import Request.
  Time since last request: 0.000023 seconds.
  path: Assets/ShaderGianni/PostProcess/PP_Vignette.mat
  artifactKey: Guid(03452e6ef947f174fbacd6d2b7845e0a) Importer(815301076,1909f56bfc062723c751e8b465ee728b)
Start importing Assets/ShaderGianni/PostProcess/PP_Vignette.mat using Guid(03452e6ef947f174fbacd6d2b7845e0a) Importer(815301076,1909f56bfc062723c751e8b465ee728b)  -> (artifact id: '31b6cab59c190a283a3d12891dba53b0') in 0.712444 seconds 
========================================================================
Received Import Request.
  Time since last request: 2.480641 seconds.
  path: Assets/ShaderGianni/Shader/DefaultUnlit.mat
  artifactKey: Guid(d9b94d876d0636d4ba467d73a3bab691) Importer(815301076,1909f56bfc062723c751e8b465ee728b)
Start importing Assets/ShaderGianni/Shader/DefaultUnlit.mat using Guid(d9b94d876d0636d4ba467d73a3bab691) Importer(815301076,1909f56bfc062723c751e8b465ee728b)  -> (artifact id: 'f60af808200fc446f759663974cc1f76') in 0.081669 seconds 
========================================================================
Received Import Request.
  Time since last request: 0.000028 seconds.
  path: Assets/ShaderGianni/Shader/DefaultUnlit_2.mat
  artifactKey: Guid(158e1f26c7330294ba6be34a4a3d878d) Importer(815301076,1909f56bfc062723c751e8b465ee728b)
Start importing Assets/ShaderGianni/Shader/DefaultUnlit_2.mat using Guid(158e1f26c7330294ba6be34a4a3d878d) Importer(815301076,1909f56bfc062723c751e8b465ee728b)  -> (artifact id: 'd472f41603ed190c11dc27d123694476') in 0.022731 seconds 
========================================================================
Received Import Request.
  Time since last request: 555.689882 seconds.
  path: Assets/NewEserciziDaSolo/Esercizio2/UnlitPositionObject.mat
  artifactKey: Guid(6b99002c5021ef544942d33e32a5e4f2) Importer(815301076,1909f56bfc062723c751e8b465ee728b)
Start importing Assets/NewEserciziDaSolo/Esercizio2/UnlitPositionObject.mat using Guid(6b99002c5021ef544942d33e32a5e4f2) Importer(815301076,1909f56bfc062723c751e8b465ee728b)  -> (artifact id: 'c2c3ebd178e1d1fef7107fdae7eeb9a0') in 0.014586 seconds 
========================================================================
Received Import Request.
  Time since last request: 0.000026 seconds.
  path: Assets/NewEserciziDaSolo/Esercizio6/VDisplacement.mat
  artifactKey: Guid(e45f672f74157f445843ac0c281f2e0e) Importer(815301076,1909f56bfc062723c751e8b465ee728b)
Start importing Assets/NewEserciziDaSolo/Esercizio6/VDisplacement.mat using Guid(e45f672f74157f445843ac0c281f2e0e) Importer(815301076,1909f56bfc062723c751e8b465ee728b)  -> (artifact id: '247cc8ee05073348f3528d2d9b57af02') in 0.630338 seconds 
========================================================================
Received Import Request.
  Time since last request: 1107.927375 seconds.
  path: Assets/NewEserciziDaSolo/Esercizio5/CutFresnelSmooth.mat
  artifactKey: Guid(d9b452c70e7ed3b4e91a21727e0f69c8) Importer(815301076,1909f56bfc062723c751e8b465ee728b)
Start importing Assets/NewEserciziDaSolo/Esercizio5/CutFresnelSmooth.mat using Guid(d9b452c70e7ed3b4e91a21727e0f69c8) Importer(815301076,1909f56bfc062723c751e8b465ee728b)  -> (artifact id: '2c075c87433ffb3c2aee1d788adc78ab') in 0.547097 seconds 
========================================================================
Received Import Request.
  Time since last request: 628.935446 seconds.
  path: Assets/ShaderGianni/Shader/VDisplacementInARange.mat
  artifactKey: Guid(1874f4ad43fcb38458c68fd7d1dc1ca7) Importer(815301076,1909f56bfc062723c751e8b465ee728b)
Start importing Assets/ShaderGianni/Shader/VDisplacementInARange.mat using Guid(1874f4ad43fcb38458c68fd7d1dc1ca7) Importer(815301076,1909f56bfc062723c751e8b465ee728b)  -> (artifact id: 'ef0a919f8d9b226dab3b5f1f5326eb53') in 1.768742 seconds 
========================================================================
Received Import Request.
  Time since last request: 2.584458 seconds.
  path: Assets/NewEserciziDaSolo/Esercizio2/UnlitPositionWorldAbsolute.mat
  artifactKey: Guid(327cefe00123a7541a51558bd8bea0c0) Importer(815301076,1909f56bfc062723c751e8b465ee728b)
Start importing Assets/NewEserciziDaSolo/Esercizio2/UnlitPositionWorldAbsolute.mat using Guid(327cefe00123a7541a51558bd8bea0c0) Importer(815301076,1909f56bfc062723c751e8b465ee728b)  -> (artifact id: 'b2f68627b1aaebe56316448c496104fe') in 0.014904 seconds 
